<?xml version="1.0" encoding="UTF-8"?>
<testng-results skipped="0" failed="1" ignored="2" total="3" passed="0">
  <reporter-output>
  </reporter-output>
  <suite name="executeTestCase" duration-ms="105973" started-at="2020-01-07T07:42:04Z" finished-at="2020-01-07T07:43:50Z">
    <groups>
    </groups>
    <test name="test" duration-ms="105973" started-at="2020-01-07T07:42:04Z" finished-at="2020-01-07T07:43:50Z">
      <class name="com.wljs.testcase.RegressionTesting">
        <test-method status="PASS" signature="initialization(java.lang.String, java.lang.String, java.lang.String, java.lang.String, java.lang.String, java.lang.String, java.lang.String, java.lang.String, java.lang.String, java.lang.String)[pri:0, instance:com.wljs.testcase.RegressionTesting@18c93f5f]" name="initialization" is-config="true" duration-ms="78855" started-at="2020-01-07T07:42:04Z" finished-at="2020-01-07T07:43:23Z">
          <params>
            <param index="0">
              <value>
                <![CDATA[Apple]]>
              </value>
            </param>
            <param index="1">
              <value>
                <![CDATA[iPhone 7 Plus]]>
              </value>
            </param>
            <param index="2">
              <value>
                <![CDATA[81737a3af5cf49e044ad3d5dd8131917204fd433]]>
              </value>
            </param>
            <param index="3">
              <value>
                <![CDATA[13.3]]>
              </value>
            </param>
            <param index="4">
              <value>
                <![CDATA[Apple iPhone 7 Plus]]>
              </value>
            </param>
            <param index="5">
              <value>
                <![CDATA[iOS]]>
              </value>
            </param>
            <param index="6">
              <value>
                <![CDATA[4724]]>
              </value>
            </param>
            <param index="7">
              <value>
                <![CDATA[0]]>
              </value>
            </param>
            <param index="8">
              <value>
                <![CDATA[8102]]>
              </value>
            </param>
            <param index="9">
              <value>
                <![CDATA[0]]>
              </value>
            </param>
          </params>
          <reporter-output>
          </reporter-output>
        </test-method> <!-- initialization -->
        <test-method status="FAIL" signature="loginApp()[pri:2, instance:com.wljs.testcase.RegressionTesting@18c93f5f]" name="loginApp" duration-ms="20" started-at="2020-01-07T07:43:23Z" description="登陆App" finished-at="2020-01-07T07:43:23Z">
          <exception class="java.lang.NullPointerException">
            <full-stacktrace>
              <![CDATA[java.lang.NullPointerException
at com.wljs.testcase.IosExeuteTestCase.exeuteTestCase(IosExeuteTestCase.java:31)
at com.wljs.testcase.RegressionTesting.chooseTestCase(RegressionTesting.java:116)
at com.wljs.testcase.RegressionTesting.loginApp(RegressionTesting.java:104)
at sun.reflect.NativeMethodAccessorImpl.invoke0(Native Method)
at sun.reflect.NativeMethodAccessorImpl.invoke(NativeMethodAccessorImpl.java:62)
at sun.reflect.DelegatingMethodAccessorImpl.invoke(DelegatingMethodAccessorImpl.java:43)
at java.lang.reflect.Method.invoke(Method.java:498)
at org.testng.internal.MethodInvocationHelper.invokeMethod(MethodInvocationHelper.java:124)
at org.testng.internal.Invoker.invokeMethod(Invoker.java:583)
at org.testng.internal.Invoker.invokeTestMethod(Invoker.java:719)
at org.testng.internal.Invoker.invokeTestMethods(Invoker.java:989)
at org.testng.internal.TestMethodWorker.invokeTestMethods(TestMethodWorker.java:125)
at org.testng.internal.TestMethodWorker.run(TestMethodWorker.java:109)
at org.testng.TestRunner.privateRun(TestRunner.java:648)
at org.testng.TestRunner.run(TestRunner.java:505)
at org.testng.SuiteRunner.runTest(SuiteRunner.java:455)
at org.testng.SuiteRunner.runSequentially(SuiteRunner.java:450)
at org.testng.SuiteRunner.privateRun(SuiteRunner.java:415)
at org.testng.SuiteRunner.run(SuiteRunner.java:364)
at org.testng.SuiteRunnerWorker.runSuite(SuiteRunnerWorker.java:52)
at org.testng.SuiteRunnerWorker.run(SuiteRunnerWorker.java:84)
at org.testng.TestNG.runSuitesSequentially(TestNG.java:1208)
at org.testng.TestNG.runSuitesLocally(TestNG.java:1137)
at org.testng.TestNG.runSuites(TestNG.java:1049)
at org.testng.TestNG.run(TestNG.java:1017)
at com.wljs.app.ExecuteTestng.call(ExecuteTestng.java:36)
at com.wljs.app.ExecuteTestng.call(ExecuteTestng.java:17)
at java.util.concurrent.FutureTask.run$$$capture(FutureTask.java:266)
at java.util.concurrent.FutureTask.run(FutureTask.java)
at java.util.concurrent.ThreadPoolExecutor.runWorker(ThreadPoolExecutor.java:1149)
at java.util.concurrent.ThreadPoolExecutor$Worker.run(ThreadPoolExecutor.java:624)
at java.lang.Thread.run(Thread.java:748)
]]>
            </full-stacktrace>
          </exception> <!-- java.lang.NullPointerException -->
          <reporter-output>
          </reporter-output>
        </test-method> <!-- loginApp -->
        <test-method status="PASS" signature="endExecutionCase()[pri:0, instance:com.wljs.testcase.RegressionTesting@18c93f5f]" name="endExecutionCase" is-config="true" duration-ms="27092" started-at="2020-01-07T07:43:23Z" finished-at="2020-01-07T07:43:50Z">
          <reporter-output>
          </reporter-output>
        </test-method> <!-- endExecutionCase -->
      </class> <!-- com.wljs.testcase.RegressionTesting -->
    </test> <!-- test -->
  </suite> <!-- executeTestCase -->
</testng-results>
