<?xml version="1.0" encoding="UTF-8"?>
<!-- Generated by org.testng.reporters.JUnitXMLReporter -->
<testsuite hostname="panxideMac-mini.local" ignored="2" name="test" tests="1" failures="1" timestamp="07 Jan 2020 07:43:50 GMT" time="105.973" errors="0">
  <testcase name="loginApp" time="0.02" classname="com.wljs.testcase.RegressionTesting">
    <failure type="java.lang.NullPointerException">
      <![CDATA[java.lang.NullPointerException
at com.wljs.testcase.IosExeuteTestCase.exeuteTestCase(IosExeuteTestCase.java:31)
at com.wljs.testcase.RegressionTesting.chooseTestCase(RegressionTesting.java:116)
at com.wljs.testcase.RegressionTesting.loginApp(RegressionTesting.java:104)
at com.wljs.app.ExecuteTestng.call(ExecuteTestng.java:36)
at com.wljs.app.ExecuteTestng.call(ExecuteTestng.java:17)
at java.util.concurrent.FutureTask.run$$$capture(FutureTask.java:266)
at java.util.concurrent.FutureTask.run(FutureTask.java)
at java.util.concurrent.ThreadPoolExecutor.runWorker(ThreadPoolExecutor.java:1149)
at java.util.concurrent.ThreadPoolExecutor$Worker.run(ThreadPoolExecutor.java:624)
at java.lang.Thread.run(Thread.java:748)
... Removed 22 stack frames]]>
    </failure>
  </testcase> <!-- loginApp -->
  <testcase name="viewProduct" time="0.0" classname="com.wljs.testcase.RegressionTesting">
    <ignored/>
  </testcase> <!-- viewProduct -->
  <testcase name="bootPageApp" time="0.0" classname="com.wljs.testcase.RegressionTesting">
    <ignored/>
  </testcase> <!-- bootPageApp -->
</testsuite> <!-- test -->
